#
# There is insufficient memory for the Java Runtime Environment to continue.
# Native memory allocation (malloc) failed to allocate 1048576 bytes for AllocateHeap
# Possible reasons:
#   The system is out of physical RAM or swap space
#   In 32 bit mode, the process size limit was hit
# Possible solutions:
#   Reduce memory load on the system
#   Increase physical memory or swap space
#   Check if swap backing store is full
#   Use 64 bit Java on a 64 bit OS
#   Decrease Java heap size (-Xmx/-Xms)
#   Decrease number of Java threads
#   Decrease Java thread stack sizes (-Xss)
#   Set larger code cache with -XX:ReservedCodeCacheSize=
# This output file may be truncated or incomplete.
#
#  Out of Memory Error (memory/allocation.inline.hpp:61), pid=12816, tid=0x00000000000026f4
#
# JRE version:  (8.0_152-b16) (build )
# Java VM: Java HotSpot(TM) 64-Bit Server VM (25.152-b16 mixed mode windows-amd64 compressed oops)
# Failed to write core dump. Minidumps are not enabled by default on client versions of Windows
#

---------------  T H R E A D  ---------------

Current thread (0x0000000003648800):  JavaThread "Unknown thread" [_thread_in_vm, id=9972, stack(0x0000000003540000,0x0000000003640000)]

Stack: [0x0000000003540000,0x0000000003640000]
[error occurred during error reporting (printing stack bounds), id 0xc0000005]

Native frames: (J=compiled Java code, j=interpreted, Vv=VM code, C=native code)


---------------  P R O C E S S  ---------------

Java Threads: ( => current thread )

Other Threads:

=>0x0000000003648800 (exited) JavaThread "Unknown thread" [_thread_in_vm, id=9972, stack(0x0000000003540000,0x0000000003640000)]

VM state:not at safepoint (normal execution)

VM Mutex/Monitor currently owned by a thread: None

Heap:
 PSYoungGen      total 76288K, used 1310K [0x000000076b400000, 0x0000000770900000, 0x00000007c0000000)
  eden space 65536K, 2% used [0x000000076b400000,0x000000076b547af0,0x000000076f400000)
  from space 10752K, 0% used [0x000000076fe80000,0x000000076fe80000,0x0000000770900000)
  to   space 10752K, 0% used [0x000000076f400000,0x000000076f400000,0x000000076fe80000)
 ParOldGen       total 175104K, used 0K [0x00000006c1c00000, 0x00000006cc700000, 0x000000076b400000)
  object space 175104K, 0% used [0x00000006c1c00000,0x00000006c1c00000,0x00000006cc700000)
 Metaspace       used 770K, capacity 4480K, committed 4480K, reserved 1056768K
  class space    used 75K, capacity 384K, committed 384K, reserved 1048576K

Card table byte_map: [0x0000000012c80000,0x0000000013480000] byte_map_base: 0x000000000f672000

Marking Bits: (ParMarkBitMap*) 0x0000000058e30860
 Begin Bits: [0x00000000141d0000, 0x0000000018160000)
 End Bits:   [0x0000000018160000, 0x000000001c0f0000)

Polling page: 0x0000000001a20000

CodeCache: size=245760Kb used=328Kb max_used=328Kb free=245431Kb
 bounds [0x00000000038c0000, 0x0000000003b30000, 0x00000000128c0000]
 total_blobs=58 nmethods=0 adapters=38
 compilation: enabled

Compilation events (0 events):
No events

GC Heap History (0 events):
No events

Deoptimization events (0 events):
No events

Classes redefined (0 events):
No events

Internal exceptions (0 events):
No events

Events (10 events):
Event: 0.028 loading class java/lang/Short
Event: 0.028 loading class java/lang/Short done
Event: 0.028 loading class java/lang/Integer
Event: 0.028 loading class java/lang/Integer done
Event: 0.028 loading class java/lang/Long
Event: 0.028 loading class java/lang/Long done
Event: 0.029 loading class java/lang/NullPointerException
Event: 0.029 loading class java/lang/NullPointerException done
Event: 0.029 loading class java/lang/ArithmeticException
Event: 0.029 loading class java/lang/ArithmeticException done


Dynamic libraries:
0x00007ff78de30000 - 0x00007ff78de67000 	D:\JAVAJDK\bin\java.exe
0x00007ffcf3e00000 - 0x00007ffcf3ff0000 	C:\WINDOWS\SYSTEM32\ntdll.dll
0x00007ffcf2020000 - 0x00007ffcf20d2000 	C:\WINDOWS\System32\KERNEL32.DLL
0x00007ffcf0ed0000 - 0x00007ffcf1174000 	C:\WINDOWS\System32\KERNELBASE.dll
0x00007ffcf3240000 - 0x00007ffcf32e3000 	C:\WINDOWS\System32\ADVAPI32.dll
0x00007ffcf3820000 - 0x00007ffcf38be000 	C:\WINDOWS\System32\msvcrt.dll
0x00007ffcf1f80000 - 0x00007ffcf2017000 	C:\WINDOWS\System32\sechost.dll
0x00007ffcf38c0000 - 0x00007ffcf39e0000 	C:\WINDOWS\System32\RPCRT4.dll
0x00007ffcf39e0000 - 0x00007ffcf3b74000 	C:\WINDOWS\System32\USER32.dll
0x00007ffcf0e20000 - 0x00007ffcf0e41000 	C:\WINDOWS\System32\win32u.dll
0x00007ffcf2350000 - 0x00007ffcf2376000 	C:\WINDOWS\System32\GDI32.dll
0x00007ffcf1230000 - 0x00007ffcf13c6000 	C:\WINDOWS\System32\gdi32full.dll
0x00007ffcf0d80000 - 0x00007ffcf0e1e000 	C:\WINDOWS\System32\msvcp_win.dll
0x00007ffcf1c10000 - 0x00007ffcf1d0a000 	C:\WINDOWS\System32\ucrtbase.dll
0x00007ffce32e0000 - 0x00007ffce3564000 	C:\WINDOWS\WinSxS\amd64_microsoft.windows.common-controls_6595b64144ccf1df_6.0.18362.959_none_e6c7bbbf130c62bb\COMCTL32.dll
0x00007ffcf2e30000 - 0x00007ffcf3165000 	C:\WINDOWS\System32\combase.dll
0x00007ffcf0e50000 - 0x00007ffcf0ed0000 	C:\WINDOWS\System32\bcryptPrimitives.dll
0x00007ffcf2470000 - 0x00007ffcf249e000 	C:\WINDOWS\System32\IMM32.DLL
0x0000000058eb0000 - 0x0000000058f82000 	D:\JAVAJDK\jre\bin\msvcr100.dll
0x0000000058610000 - 0x0000000058eb0000 	D:\JAVAJDK\jre\bin\server\jvm.dll
0x00007ffcf2440000 - 0x00007ffcf2448000 	C:\WINDOWS\System32\PSAPI.DLL
0x00007ffcee980000 - 0x00007ffcee9a4000 	C:\WINDOWS\SYSTEM32\WINMM.dll
0x00007ffceaf20000 - 0x00007ffceaf2a000 	C:\WINDOWS\SYSTEM32\VERSION.dll
0x00007ffcdf6a0000 - 0x00007ffcdf6a9000 	C:\WINDOWS\SYSTEM32\WSOCK32.dll
0x00007ffcf24a0000 - 0x00007ffcf250f000 	C:\WINDOWS\System32\WS2_32.dll
0x00007ffcee870000 - 0x00007ffcee89d000 	C:\WINDOWS\SYSTEM32\winmmbase.dll
0x00007ffcf13d0000 - 0x00007ffcf141a000 	C:\WINDOWS\System32\cfgmgr32.dll
0x0000000059960000 - 0x000000005996f000 	D:\JAVAJDK\jre\bin\verify.dll
0x0000000059930000 - 0x0000000059959000 	D:\JAVAJDK\jre\bin\java.dll
0x0000000058340000 - 0x0000000058363000 	D:\JAVAJDK\jre\bin\instrument.dll
0x00000000596d0000 - 0x00000000596e6000 	D:\JAVAJDK\jre\bin\zip.dll

VM Arguments:
jvm_args: -javaagent:D:\idea2020.3\IntelliJ IDEA 2020.1\lib\idea_rt.jar=62222:D:\idea2020.3\IntelliJ IDEA 2020.1\bin -Dfile.encoding=UTF-8 
java_command: com.leyou.service.OrderServiceTest
java_class_path (initial): D:\JAVAJDK\jre\lib\charsets.jar;D:\JAVAJDK\jre\lib\deploy.jar;D:\JAVAJDK\jre\lib\ext\access-bridge-64.jar;D:\JAVAJDK\jre\lib\ext\cldrdata.jar;D:\JAVAJDK\jre\lib\ext\dnsns.jar;D:\JAVAJDK\jre\lib\ext\jaccess.jar;D:\JAVAJDK\jre\lib\ext\jfxrt.jar;D:\JAVAJDK\jre\lib\ext\localedata.jar;D:\JAVAJDK\jre\lib\ext\nashorn.jar;D:\JAVAJDK\jre\lib\ext\sunec.jar;D:\JAVAJDK\jre\lib\ext\sunjce_provider.jar;D:\JAVAJDK\jre\lib\ext\sunmscapi.jar;D:\JAVAJDK\jre\lib\ext\sunpkcs11.jar;D:\JAVAJDK\jre\lib\ext\zipfs.jar;D:\JAVAJDK\jre\lib\javaws.jar;D:\JAVAJDK\jre\lib\jce.jar;D:\JAVAJDK\jre\lib\jfr.jar;D:\JAVAJDK\jre\lib\jfxswt.jar;D:\JAVAJDK\jre\lib\jsse.jar;D:\JAVAJDK\jre\lib\management-agent.jar;D:\JAVAJDK\jre\lib\plugin.jar;D:\JAVAJDK\jre\lib\resources.jar;D:\JAVAJDK\jre\lib\rt.jar;C:\Users\JackMa\Desktop\spring项目\leyou\ly-order\target\test-classes;C:\Users\JackMa\Desktop\spring项目\leyou\ly-order\target\classes;D:\repository\org\springframework\cloud\spring-cloud-starter-netflix-eureka-client\2.0.2.RELEASE\spring-cloud-starter-netflix-eureka-client-2.0.2.RELEASE.jar;D:\repository\org\springframework\cloud\spring-cloud-starter\2.0.2.RELEASE\spring-cloud-starter-2.0.2.RELEASE.jar;D:\repository\org\springframework\cloud\spring-cloud-context\2.0.2.RELEASE\spring-cloud-context-2.0.2.RELEASE.jar;D:\repository\org\springframework\security\spring-security-rsa\1.0.7.RELEASE\spring-security-rsa-1.0.7.RELEASE.jar;D:\repository\org\bouncycastle\bcpkix-jdk15on\1.60\bcpkix-jdk15on-1.60.jar;D:\repository\org\bouncycastle\bcprov-jdk15on\1.60\bcprov-jdk15on-1.60.jar;D:\repository\org\springframework\cloud\spring-cloud-netflix-core\2.0.2.RELEASE\spring-cloud-netflix-core-2.0.2.RELEASE.jar;D:\repository\org\springframework\boot\spring-boot-autoconfigure\2.0.6.RELEASE\spring-boot-autoconfigure-2.0.6.RELEASE.jar;D:\repository\org\springframework\boot\spring-boot-starter-aop\2.0.6.RELEASE\spring-boot-starter-aop-2.0.6.RELEASE.jar;D:\repository\org\aspectj\aspectjweaver\1.8.13\as
Launcher Type: SUN_STANDARD

Environment Variables:
JAVA_HOME=D:\JAVAJDK
PATH=?C:\Program Files\OpenSSL-Win64\bin;C:\oraclexe\app\oracle\product\10.2.0\server\bin;D:\hadoop-2.6.0-cdh5.14.0\bin;C:\Program Files (x86)\Intel\Intel(R) Management Engine Components\iCLS\;C:\Program Files\Intel\Intel(R) Management Engine Components\iCLS\;C:\Windows\system32;C:\Windows;C:\Windows\System32\Wbem;C:\Windows\System32\WindowsPowerShell\v1.0\;C:\Windows\System32\OpenSSH\;C:\Program Files (x86)\NVIDIA Corporation\PhysX\Common;C:\Program Files (x86)\Intel\Intel(R) Management Engine Components\DAL;C:\Program Files\Intel\Intel(R) Management Engine Components\DAL;C:\Program Files\Intel\WiFi\bin\;C:\Program Files\Common Files\Intel\WirelessCommon\;D:\JAVAJDK\bin;D:\nodejs\;D:\nginx-1.12.2;D:\NetSarang\scrt_sfx731-x64\;C:\Program Files\MySQL\MySQL Server 5.6\bin;C:\Users\JackMa\Documents\scala-2.11.8\scala-2.11.8\bin;D:\nodejs\node_global;C:\Program Files\Git\cmd;C:\Program Files\TortoiseGit\bin;C:\Program Files\NVIDIA Corporation\NVIDIA NvDLISR;C:\WINDOWS\system32;C:\WINDOWS;C:\WINDOWS\System32\Wbem;C:\WINDOWS\System32\WindowsPowerShell\v1.0\;C:\WINDOWS\System32\OpenSSH\;C:\Program Files (x86)\Microsoft SQL Server\100\Tools\Binn\;C:\Program Files\Microsoft SQL Server\100\Tools\Binn\;C:\Program Files\Microsoft SQL Server\100\DTS\Binn\;C:\Program Files (x86)\Microsoft SQL Server\100\Tools\Binn\VSShell\Common7\IDE\;C:\Program Files (x86)\Microsoft Visual Studio 9.0\Common7\IDE\PrivateAssemblies\;C:\Program Files (x86)\Microsoft SQL Server\100\DTS\Binn\;D:\apache-maven-3.6.3\bin;C:\Users\JackMa\.windows-build-tools\python27\;C:\Users\JackMa\AppData\Local\Microsoft\WindowsApps;D:\nodejs\node_global;D:\Microsoft VS Code\bin;C:\Program Files\OpenSSL-Win64\bin;
USERNAME=JackMa
OS=Windows_NT
PROCESSOR_IDENTIFIER=Intel64 Family 6 Model 142 Stepping 10, GenuineIntel



---------------  S Y S T E M  ---------------

OS: Windows 10.0 , 64 bit Build 18362 (10.0.18362.959)

CPU:total 8 (initial active 8) (4 cores per cpu, 2 threads per core) family 6 model 142 stepping 10, cmov, cx8, fxsr, mmx, sse, sse2, sse3, ssse3, sse4.1, sse4.2, popcnt, avx, avx2, aes, clmul, erms, 3dnowpref, lzcnt, ht, tsc, tscinvbit, bmi1, bmi2, adx

Memory: 4k page, physical 16659756k(4696608k free), swap 22951212k(5316k free)

vm_info: Java HotSpot(TM) 64-Bit Server VM (25.152-b16) for windows-amd64 JRE (1.8.0_152-b16), built on Sep 14 2017 02:29:36 by "java_re" with MS VC++ 10.0 (VS2010)

time: Fri Oct 09 12:29:11 2020
elapsed time: 0 seconds (0d 0h 0m 0s)

